DESKTOP-RGDHRKN | 2019-06-28 07:48:23 | as.AccommodationServiceApplication | No active profile set, falling back to default profiles: default
DESKTOP-RGDHRKN | 2019-06-28 07:48:34 | as.AccommodationServiceApplication | Started AccommodationServiceApplication in 13.351 seconds (JVM running for 14.069)
DESKTOP-RGDHRKN | 2019-06-28 07:50:07 | as.AccommodationServiceApplication | No active profile set, falling back to default profiles: default
DESKTOP-RGDHRKN | 2019-06-28 07:50:20 | as.AccommodationServiceApplication | Started AccommodationServiceApplication in 14.95 seconds (JVM running for 15.896)
DESKTOP-RGDHRKN | 2019-06-28 07:52:28 | as.AccommodationServiceApplication | No active profile set, falling back to default profiles: default
DESKTOP-RGDHRKN | 2019-06-28 07:52:38 | as.AccommodationServiceApplication | Started AccommodationServiceApplication in 11.764 seconds (JVM running for 12.43)
DESKTOP-RGDHRKN | 2019-06-28 07:54:43 | as.AccommodationServiceApplication | No active profile set, falling back to default profiles: default
DESKTOP-RGDHRKN | 2019-06-28 07:54:54 | as.AccommodationServiceApplication | Started AccommodationServiceApplication in 12.141 seconds (JVM running for 12.857)
DESKTOP-RGDHRKN | 2019-06-28 08:00:39 | as.CommentController | ID: null | PRN4SI | success
DESKTOP-RGDHRKN | 2019-06-28 08:04:57 | as.AccommodationServiceApplication | No active profile set, falling back to default profiles: default
DESKTOP-RGDHRKN | 2019-06-28 08:05:09 | as.AccommodationServiceApplication | Started AccommodationServiceApplication in 13.786 seconds (JVM running for 14.516)
DESKTOP-RGDHRKN | 2019-06-28 08:08:53 | as.AccommodationServiceApplication | No active profile set, falling back to default profiles: default
DESKTOP-RGDHRKN | 2019-06-28 08:09:12 | as.AccommodationServiceApplication | Started AccommodationServiceApplication in 20.471 seconds (JVM running for 21.165)
DESKTOP-RGDHRKN | 2019-06-28 08:11:33 | as.AccommodationServiceApplication | No active profile set, falling back to default profiles: default
DESKTOP-RGDHRKN | 2019-06-28 08:11:44 | as.AccommodationServiceApplication | Started AccommodationServiceApplication in 12.049 seconds (JVM running for 12.718)
DESKTOP-RGDHRKN | 2019-06-28 08:36:28 | as.AccommodationServiceApplication | No active profile set, falling back to default profiles: default
DESKTOP-RGDHRKN | 2019-06-28 08:36:41 | as.AccommodationServiceApplication | Started AccommodationServiceApplication in 14.135 seconds (JVM running for 14.871)
DESKTOP-RGDHRKN | 2019-06-28 08:42:28 | as.AccommodationServiceApplication | No active profile set, falling back to default profiles: default
DESKTOP-RGDHRKN | 2019-06-28 08:42:41 | as.AccommodationServiceApplication | Started AccommodationServiceApplication in 13.703 seconds (JVM running for 14.394)
DESKTOP-RGDHRKN | 2019-06-28 08:44:12 | as.AccommodationServiceApplication | No active profile set, falling back to default profiles: default
DESKTOP-RGDHRKN | 2019-06-28 08:44:26 | as.AccommodationServiceApplication | Started AccommodationServiceApplication in 15.998 seconds (JVM running for 16.71)
DESKTOP-RGDHRKN | 2019-06-28 08:52:57 | as.AccommodationServiceApplication | No active profile set, falling back to default profiles: default
DESKTOP-RGDHRKN | 2019-06-28 08:53:09 | as.AccommodationServiceApplication | Started AccommodationServiceApplication in 13.207 seconds (JVM running for 13.944)
DESKTOP-RGDHRKN | 2019-06-28 08:56:29 | as.AccommodationObjectController | user: 2, id: 6 | UPJ3T1 | success
DESKTOP-RGDHRKN | 2019-06-28 08:57:01 | as.AccommodationServiceApplication | No active profile set, falling back to default profiles: default
DESKTOP-RGDHRKN | 2019-06-28 08:57:12 | as.AccommodationServiceApplication | Started AccommodationServiceApplication in 12.452 seconds (JVM running for 13.193)
DESKTOP-RGDHRKN | 2019-06-28 08:59:10 | as.AccommodationObjectController | user: 2, id: 1 | BRJ3T1 | success
DESKTOP-RGDHRKN | 2019-06-28 08:59:33 | as.AccommodationObjectController | user: 2, id: 4 | UPJ3T1 | success
DESKTOP-RGDHRKN | 2019-06-28 09:00:41 | as.AccommodationObjectController | user: 2, id: 6 | UPJ3C4 | success
DESKTOP-RGDHRKN | 2019-06-28 09:00:43 | as.AccommodationObjectController | user: 2, id: 6 | BRJ3C4 | success
DESKTOP-RGDHRKN | 2019-06-28 09:01:31 | as.AccommodationServiceApplication | No active profile set, falling back to default profiles: default
DESKTOP-RGDHRKN | 2019-06-28 09:01:43 | as.AccommodationServiceApplication | Started AccommodationServiceApplication in 14.187 seconds (JVM running for 14.91)
