Milan-PC | 2019-07-01 06:20:00 | as.AuthServiceApplication | No active profile set, falling back to default profiles: default
Milan-PC | 2019-07-01 06:20:54 | as.AuthServiceApplication | Started AuthServiceApplication in 69.497 seconds (JVM running for 83.578)
Milan-PC | 2019-07-01 06:29:48 | as.AuthController | ID: 3 | PRN4SI | success
Milan-PC | 2019-07-01 06:42:28 | as.AuthController | ID: 3 | PRN4SI | success
Milan-PC | 2019-07-01 06:45:39 | as.AuthController | ID: 3 | PRN4SI | success
Milan-PC | 2019-07-01 06:45:54 | as.AuthController | ID: 7 | PRN4SI | success
Milan-PC | 2019-07-01 06:46:24 | as.AuthController | ID: 7 | PRN4SI | success
Milan-PC | 2019-07-01 07:02:30 | as.AuthServiceApplication | No active profile set, falling back to default profiles: default
Milan-PC | 2019-07-01 07:02:54 | as.AuthServiceApplication | Started AuthServiceApplication in 26.715 seconds (JVM running for 35.97)
Milan-PC | 2019-07-01 07:33:16 | as.AuthController | user: 10 | R3USER | success
Milan-PC | 2019-07-01 07:33:33 | as.AuthController | ID: 2 | PRN4SI | success
Milan-PC | 2019-07-01 07:33:37 | as.AuthController | user: 2, id: 10 | AKN0U5 | success
Milan-PC | 2019-07-01 07:34:02 | as.AuthController | user: 2, id: 6 | KRN0AG | success
Milan-PC | 2019-07-01 07:34:02 | as.AuthController | user: 2, id: 6 | KRN0AG | success
Milan-PC | 2019-07-01 07:34:07 | as.AuthController | user: 2, id: 6 | AKN0U5 | success
Milan-PC | 2019-07-01 07:34:34 | as.AuthController | ID: 6 | PRN4SI | success
Milan-PC | 2019-07-01 07:36:43 | as.AuthController | ID: 6 | PRN4SI | success
Milan-PC | 2019-07-01 07:40:03 | as.AuthController | ID: 3 | PRN4SI | success
Milan-PC | 2019-07-01 07:41:36 | as.AuthController | ID: 3 | PRN4SI | success
Milan-PC | 2019-07-01 07:42:26 | as.AuthController | ID: 6 | PRN4SI | success
