DESKTOP-RGDHRKN | 2019-06-29 03:37:36 | as.ReservationServiceApplication | No active profile set, falling back to default profiles: default
DESKTOP-RGDHRKN | 2019-06-29 03:37:44 | as.ReservationServiceApplication | Started ReservationServiceApplication in 9.024 seconds (JVM running for 9.643)
DESKTOP-RGDHRKN | 2019-06-29 03:41:22 | as.ReservationServiceApplication | No active profile set, falling back to default profiles: default
DESKTOP-RGDHRKN | 2019-06-29 03:41:30 | as.ReservationServiceApplication | Started ReservationServiceApplication in 8.856 seconds (JVM running for 9.467)
DESKTOP-RGDHRKN | 2019-06-29 03:42:28 | as.ReservationController | user: com.ftn.reservationservice.model.User@7d26d81d, id: null | NAN0R3 | success
DESKTOP-RGDHRKN | 2019-06-29 03:44:45 | as.ReservationServiceApplication | No active profile set, falling back to default profiles: default
DESKTOP-RGDHRKN | 2019-06-29 03:44:53 | as.ReservationServiceApplication | Started ReservationServiceApplication in 8.788 seconds (JVM running for 9.398)
DESKTOP-RGDHRKN | 2019-06-29 03:45:00 | as.ReservationController | user: com.ftn.reservationservice.model.User@17b42f7b, accUid: com.ftn.reservationservice.model.AccommodationUnit@11f3b926 | NAN0R3 | success
DESKTOP-RGDHRKN | 2019-06-29 03:46:37 | as.ReservationServiceApplication | No active profile set, falling back to default profiles: default
DESKTOP-RGDHRKN | 2019-06-29 03:46:45 | as.ReservationServiceApplication | Started ReservationServiceApplication in 8.918 seconds (JVM running for 9.572)
DESKTOP-RGDHRKN | 2019-06-29 03:46:49 | as.ReservationController | user: 3, beginDate: Sun Jun 30 02:00:00 CEST 2019 | NAN0R3 | success
DESKTOP-RGDHRKN | 2019-06-29 03:50:18 | as.ReservationServiceApplication | No active profile set, falling back to default profiles: default
DESKTOP-RGDHRKN | 2019-06-29 03:50:26 | as.ReservationServiceApplication | Started ReservationServiceApplication in 9.206 seconds (JVM running for 9.825)
DESKTOP-RGDHRKN | 2019-06-29 03:50:47 | as.ReservationController | id: 10 | 0BR3Z3 | success
DESKTOP-RGDHRKN | 2019-06-29 03:54:50 | as.ReservationController | id: 9 | 0BR3Z3 | success
DESKTOP-RGDHRKN | 2019-06-29 03:55:18 | as.ReservationController | id: 10 | 0BR3Z3 | success
DESKTOP-RGDHRKN | 2019-06-29 03:55:36 | as.ReservationController | user: 3, beginDate: Sun Jun 30 02:00:00 CEST 2019, endDate: Mon Jul 01 02:00:00 CEST 2019 | NAN0R3 | success
DESKTOP-RGDHRKN | 2019-06-29 03:55:41 | as.ReservationController | id: 9 | 0BR3Z3 | success
DESKTOP-RGDHRKN | 2019-06-29 09:44:39 | as.ReservationServiceApplication | No active profile set, falling back to default profiles: default
DESKTOP-RGDHRKN | 2019-06-29 09:44:48 | as.ReservationServiceApplication | Started ReservationServiceApplication in 10.72 seconds (JVM running for 11.425)
DESKTOP-RGDHRKN | 2019-06-29 10:51:45 | as.ReservationServiceApplication | No active profile set, falling back to default profiles: default
DESKTOP-RGDHRKN | 2019-06-29 10:51:54 | as.ReservationServiceApplication | Started ReservationServiceApplication in 10.619 seconds (JVM running for 11.343)
DESKTOP-RGDHRKN | 2019-06-29 10:53:08 | as.ReservationController | user: 1, beginDate: Wed Jul 24 02:00:00 CEST 2019, endDate: Sat Jul 27 02:00:00 CEST 2019 | NAN0R3 | success
DESKTOP-RGDHRKN | 2019-06-29 10:53:48 | as.ReservationController | user: 3, beginDate: Sun Jul 28 02:00:00 CEST 2019, endDate: Wed Jul 31 02:00:00 CEST 2019 | NAN0R3 | success
DESKTOP-RGDHRKN | 2019-06-29 10:53:54 | as.ReservationController | id: 10 | 0BR3Z3 | success
DESKTOP-RGDHRKN | 2019-06-29 11:17:59 | as.ReservationServiceApplication | No active profile set, falling back to default profiles: default
DESKTOP-RGDHRKN | 2019-06-29 11:18:09 | as.ReservationServiceApplication | Started ReservationServiceApplication in 10.614 seconds (JVM running for 11.338)
DESKTOP-RGDHRKN | 2019-06-29 11:24:27 | as.ReservationController | user: 3, beginDate: Mon Jul 01 02:00:00 CEST 2019, endDate: Wed Jul 10 02:00:00 CEST 2019 | NAN0R3 | success
DESKTOP-RGDHRKN | 2019-06-29 11:28:32 | as.ReservationController | user: 3, beginDate: Wed Jul 24 02:00:00 CEST 2019, endDate: Tue Jul 30 02:00:00 CEST 2019 | NAN0R3 | success
